# JRE version: OpenJDK Runtime Environment (11.0.10) (build 11.0.10+0-b96-7249189)
# Java VM: OpenJDK 64-Bit Server VM (11.0.10+0-b96-7249189, mixed mode, tiered, compressed oops, g1 gc, windows-amd64)
Heap:
 garbage-first heap   total 259072K, used 112164K [0x0000000080000000, 0x0000000100000000)
  region size 1024K, 5 young (5120K), 1 survivors (1024K)
 Metaspace       used 123649K, capacity 127023K, committed 127436K, reserved 1159168K
  class space    used 15851K, capacity 17132K, committed 17356K, reserved 1048576K
GC Heap History (20 events):
Event: 33.001 GC heap before
{Heap before GC invocations=41 (full 0):
 garbage-first heap   total 259072K, used 147209K [0x0000000080000000, 0x0000000100000000)
  region size 1024K, 17 young (17408K), 1 survivors (1024K)
 Metaspace       used 113310K, capacity 116194K, committed 116428K, reserved 1150976K
  class space    used 14750K, capacity 15807K, committed 15820K, reserved 1048576K
}
Event: 33.007 GC heap after
{Heap after GC invocations=42 (full 0):
 garbage-first heap   total 259072K, used 132324K [0x0000000080000000, 0x0000000100000000)
  region size 1024K, 2 young (2048K), 2 survivors (2048K)
 Metaspace       used 113310K, capacity 116194K, committed 116428K, reserved 1150976K
  class space    used 14750K, capacity 15807K, committed 15820K, reserved 1048576K
}
Event: 33.936 GC heap before
{Heap before GC invocations=43 (full 0):
 garbage-first heap   total 259072K, used 176356K [0x0000000080000000, 0x0000000100000000)
  region size 1024K, 56 young (57344K), 2 survivors (2048K)
 Metaspace       used 117890K, capacity 120980K, committed 121164K, reserved 1153024K
  class space    used 15425K, capacity 16614K, committed 16716K, reserved 1048576K
}
Event: 33.947 GC heap after
{Heap after GC invocations=44 (full 0):
 garbage-first heap   total 259072K, used 125145K [0x0000000080000000, 0x0000000100000000)
  region size 1024K, 7 young (7168K), 7 survivors (7168K)
 Metaspace       used 117890K, capacity 120980K, committed 121164K, reserved 1153024K
  class space    used 15425K, capacity 16614K, committed 16716K, reserved 1048576K
}
Event: 34.000 GC heap before
{Heap before GC invocations=44 (full 0):
 garbage-first heap   total 259072K, used 130265K [0x0000000080000000, 0x0000000100000000)
  region size 1024K, 12 young (12288K), 7 survivors (7168K)
 Metaspace       used 118298K, capacity 121400K, committed 121676K, reserved 1155072K
  class space    used 15453K, capacity 16666K, committed 16716K, reserved 1048576K
}
Event: 34.007 GC heap after
{Heap after GC invocations=45 (full 0):
 garbage-first heap   total 259072K, used 103240K [0x0000000080000000, 0x0000000100000000)
  region size 1024K, 1 young (1024K), 1 survivors (1024K)
 Metaspace       used 118298K, capacity 121400K, committed 121676K, reserved 1155072K
  class space    used 15453K, capacity 16666K, committed 16716K, reserved 1048576K
}
Event: 35.116 GC heap before
{Heap before GC invocations=45 (full 0):
 garbage-first heap   total 259072K, used 182088K [0x0000000080000000, 0x0000000100000000)
  region size 1024K, 66 young (67584K), 1 survivors (1024K)
 Metaspace       used 120957K, capacity 124325K, committed 124364K, reserved 1157120K
  class space    used 15787K, capacity 17082K, committed 17100K, reserved 1048576K
}
Event: 35.121 GC heap after
{Heap after GC invocations=46 (full 0):
 garbage-first heap   total 259072K, used 107946K [0x0000000080000000, 0x0000000100000000)
  region size 1024K, 2 young (2048K), 2 survivors (2048K)
 Metaspace       used 120957K, capacity 124325K, committed 124364K, reserved 1157120K
  class space    used 15787K, capacity 17082K, committed 17100K, reserved 1048576K
}
Event: 130.690 GC heap before
{Heap before GC invocations=47 (full 0):
 garbage-first heap   total 259072K, used 182698K [0x0000000080000000, 0x0000000100000000)
  region size 1024K, 75 young (76800K), 2 survivors (2048K)
 Metaspace       used 122491K, capacity 125830K, committed 126412K, reserved 1159168K
  class space    used 15823K, capacity 17089K, committed 17356K, reserved 1048576K
}
Event: 130.703 GC heap after
{Heap after GC invocations=48 (full 0):
 garbage-first heap   total 259072K, used 109640K [0x0000000080000000, 0x0000000100000000)
  region size 1024K, 8 young (8192K), 8 survivors (8192K)
 Metaspace       used 122491K, capacity 125830K, committed 126412K, reserved 1159168K
  class space    used 15823K, capacity 17089K, committed 17356K, reserved 1048576K
}
Event: 130.801 GC heap before
{Heap before GC invocations=48 (full 0):
 garbage-first heap   total 259072K, used 112712K [0x0000000080000000, 0x0000000100000000)
  region size 1024K, 12 young (12288K), 8 survivors (8192K)
 Metaspace       used 122577K, capacity 125964K, committed 126412K, reserved 1159168K
  class space    used 15823K, capacity 17089K, committed 17356K, reserved 1048576K
}
Event: 130.812 GC heap after
{Heap after GC invocations=49 (full 0):
 garbage-first heap   total 259072K, used 109460K [0x0000000080000000, 0x0000000100000000)
  region size 1024K, 1 young (1024K), 1 survivors (1024K)
 Metaspace       used 122577K, capacity 125964K, committed 126412K, reserved 1159168K
  class space    used 15823K, capacity 17089K, committed 17356K, reserved 1048576K
}
Event: 131.011 GC heap before
{Heap before GC invocations=49 (full 0):
 garbage-first heap   total 259072K, used 122772K [0x0000000080000000, 0x0000000100000000)
  region size 1024K, 15 young (15360K), 1 survivors (1024K)
 Metaspace       used 122611K, capacity 125965K, committed 126412K, reserved 1159168K
  class space    used 15825K, capacity 17089K, committed 17356K, reserved 1048576K
}
Event: 131.016 GC heap after
{Heap after GC invocations=50 (full 0):
 garbage-first heap   total 259072K, used 108945K [0x0000000080000000, 0x0000000100000000)
  region size 1024K, 1 young (1024K), 1 survivors (1024K)
 Metaspace       used 122611K, capacity 125965K, committed 126412K, reserved 1159168K
  class space    used 15825K, capacity 17089K, committed 17356K, reserved 1048576K
}
Event: 230.855 GC heap before
{Heap before GC invocations=51 (full 0):
 garbage-first heap   total 259072K, used 192913K [0x0000000080000000, 0x0000000100000000)
  region size 1024K, 79 young (80896K), 1 survivors (1024K)
 Metaspace       used 123616K, capacity 126957K, committed 127436K, reserved 1159168K
  class space    used 15851K, capacity 17132K, committed 17356K, reserved 1048576K
}
Event: 230.863 GC heap after
{Heap after GC invocations=52 (full 0):
 garbage-first heap   total 259072K, used 114714K [0x0000000080000000, 0x0000000100000000)
  region size 1024K, 7 young (7168K), 7 survivors (7168K)
 Metaspace       used 123616K, capacity 126957K, committed 127436K, reserved 1159168K
  class space    used 15851K, capacity 17132K, committed 17356K, reserved 1048576K
}
Event: 230.916 GC heap before
{Heap before GC invocations=52 (full 0):
 garbage-first heap   total 259072K, used 119834K [0x0000000080000000, 0x0000000100000000)
  region size 1024K, 12 young (12288K), 7 survivors (7168K)
 Metaspace       used 123616K, capacity 126957K, committed 127436K, reserved 1159168K
  class space    used 15851K, capacity 17132K, committed 17356K, reserved 1048576K
}
Event: 230.927 GC heap after
{Heap after GC invocations=53 (full 0):
 garbage-first heap   total 259072K, used 104246K [0x0000000080000000, 0x0000000100000000)
  region size 1024K, 1 young (1024K), 1 survivors (1024K)
 Metaspace       used 123616K, capacity 126957K, committed 127436K, reserved 1159168K
  class space    used 15851K, capacity 17132K, committed 17356K, reserved 1048576K
}
Event: 230.934 GC heap before
{Heap before GC invocations=53 (full 0):
 garbage-first heap   total 259072K, used 104246K [0x0000000080000000, 0x0000000100000000)
  region size 1024K, 2 young (2048K), 1 survivors (1024K)
 Metaspace       used 123620K, capacity 127021K, committed 127436K, reserved 1159168K
  class space    used 15851K, capacity 17132K, committed 17356K, reserved 1048576K
}
Event: 230.940 GC heap after
{Heap after GC invocations=54 (full 0):
 garbage-first heap   total 259072K, used 103972K [0x0000000080000000, 0x0000000100000000)
  region size 1024K, 1 young (1024K), 1 survivors (1024K)
 Metaspace       used 123620K, capacity 127021K, committed 127436K, reserved 1159168K
  class space    used 15851K, capacity 17132K, committed 17356K, reserved 1048576K
}

