# JRE version: OpenJDK Runtime Environment (11.0.10) (build 11.0.10+0-b96-7249189)
# Java VM: OpenJDK 64-Bit Server VM (11.0.10+0-b96-7249189, mixed mode, tiered, compressed oops, g1 gc, windows-amd64)
Heap:
 garbage-first heap   total 291840K, used 155430K [0x0000000080000000, 0x0000000100000000)
  region size 1024K, 2 young (2048K), 2 survivors (2048K)
 Metaspace       used 114301K, capacity 117394K, committed 119032K, reserved 1150976K
  class space    used 14789K, capacity 15961K, committed 16664K, reserved 1048576K
GC Heap History (20 events):
Event: 38.973 GC heap after
{Heap after GC invocations=34 (full 0):
 garbage-first heap   total 190464K, used 127240K [0x0000000080000000, 0x0000000100000000)
  region size 1024K, 2 young (2048K), 2 survivors (2048K)
 Metaspace       used 113885K, capacity 116967K, committed 118776K, reserved 1150976K
  class space    used 14772K, capacity 15948K, committed 16664K, reserved 1048576K
}
Event: 39.083 GC heap before
{Heap before GC invocations=34 (full 0):
 garbage-first heap   total 190464K, used 151816K [0x0000000080000000, 0x0000000100000000)
  region size 1024K, 27 young (27648K), 2 survivors (2048K)
 Metaspace       used 113919K, capacity 117034K, committed 118776K, reserved 1150976K
  class space    used 14772K, capacity 15948K, committed 16664K, reserved 1048576K
}
Event: 39.098 GC heap after
{Heap after GC invocations=35 (full 0):
 garbage-first heap   total 190464K, used 140288K [0x0000000080000000, 0x0000000100000000)
  region size 1024K, 4 young (4096K), 4 survivors (4096K)
 Metaspace       used 113919K, capacity 117034K, committed 118776K, reserved 1150976K
  class space    used 14772K, capacity 15948K, committed 16664K, reserved 1048576K
}
Event: 39.245 GC heap before
{Heap before GC invocations=35 (full 0):
 garbage-first heap   total 190464K, used 156672K [0x0000000080000000, 0x0000000100000000)
  region size 1024K, 20 young (20480K), 4 survivors (4096K)
 Metaspace       used 114051K, capacity 117195K, committed 119032K, reserved 1150976K
  class space    used 14777K, capacity 15952K, committed 16664K, reserved 1048576K
}
Event: 39.256 GC heap after
{Heap after GC invocations=36 (full 0):
 garbage-first heap   total 190464K, used 144072K [0x0000000080000000, 0x0000000100000000)
  region size 1024K, 3 young (3072K), 3 survivors (3072K)
 Metaspace       used 114051K, capacity 117195K, committed 119032K, reserved 1150976K
  class space    used 14777K, capacity 15952K, committed 16664K, reserved 1048576K
}
Event: 39.430 GC heap before
{Heap before GC invocations=37 (full 0):
 garbage-first heap   total 190464K, used 157384K [0x0000000080000000, 0x0000000100000000)
  region size 1024K, 17 young (17408K), 3 survivors (3072K)
 Metaspace       used 114091K, capacity 117257K, committed 119032K, reserved 1150976K
  class space    used 14776K, capacity 15950K, committed 16664K, reserved 1048576K
}
Event: 39.440 GC heap after
{Heap after GC invocations=38 (full 0):
 garbage-first heap   total 190464K, used 146784K [0x0000000080000000, 0x0000000100000000)
  region size 1024K, 3 young (3072K), 3 survivors (3072K)
 Metaspace       used 114091K, capacity 117257K, committed 119032K, reserved 1150976K
  class space    used 14776K, capacity 15950K, committed 16664K, reserved 1048576K
}
Event: 39.495 GC heap before
{Heap before GC invocations=38 (full 0):
 garbage-first heap   total 190464K, used 154976K [0x0000000080000000, 0x0000000100000000)
  region size 1024K, 9 young (9216K), 3 survivors (3072K)
 Metaspace       used 114093K, capacity 117257K, committed 119032K, reserved 1150976K
  class space    used 14776K, capacity 15950K, committed 16664K, reserved 1048576K
}
Event: 39.503 GC heap after
{Heap after GC invocations=39 (full 0):
 garbage-first heap   total 190464K, used 146028K [0x0000000080000000, 0x0000000100000000)
  region size 1024K, 1 young (1024K), 1 survivors (1024K)
 Metaspace       used 114093K, capacity 117257K, committed 119032K, reserved 1150976K
  class space    used 14776K, capacity 15950K, committed 16664K, reserved 1048576K
}
Event: 39.595 GC heap before
{Heap before GC invocations=39 (full 0):
 garbage-first heap   total 190464K, used 151148K [0x0000000080000000, 0x0000000100000000)
  region size 1024K, 8 young (8192K), 1 survivors (1024K)
 Metaspace       used 114128K, capacity 117260K, committed 119032K, reserved 1150976K
  class space    used 14776K, capacity 15950K, committed 16664K, reserved 1048576K
}
Event: 39.600 GC heap after
{Heap after GC invocations=40 (full 0):
 garbage-first heap   total 190464K, used 147236K [0x0000000080000000, 0x0000000100000000)
  region size 1024K, 2 young (2048K), 2 survivors (2048K)
 Metaspace       used 114128K, capacity 117260K, committed 119032K, reserved 1150976K
  class space    used 14776K, capacity 15950K, committed 16664K, reserved 1048576K
}
Event: 39.802 GC heap before
{Heap before GC invocations=40 (full 0):
 garbage-first heap   total 190464K, used 157476K [0x0000000080000000, 0x0000000100000000)
  region size 1024K, 15 young (15360K), 2 survivors (2048K)
 Metaspace       used 114136K, capacity 117256K, committed 119032K, reserved 1150976K
  class space    used 14776K, capacity 15948K, committed 16664K, reserved 1048576K
}
Event: 39.807 GC heap after
{Heap after GC invocations=41 (full 0):
 garbage-first heap   total 190464K, used 145739K [0x0000000080000000, 0x0000000100000000)
  region size 1024K, 2 young (2048K), 2 survivors (2048K)
 Metaspace       used 114136K, capacity 117256K, committed 119032K, reserved 1150976K
  class space    used 14776K, capacity 15948K, committed 16664K, reserved 1048576K
}
Event: 39.975 GC heap before
{Heap before GC invocations=42 (full 0):
 garbage-first heap   total 190464K, used 159051K [0x0000000080000000, 0x0000000100000000)
  region size 1024K, 15 young (15360K), 2 survivors (2048K)
 Metaspace       used 114177K, capacity 117273K, committed 119032K, reserved 1150976K
  class space    used 14783K, capacity 15954K, committed 16664K, reserved 1048576K
}
Event: 39.988 GC heap after
{Heap after GC invocations=43 (full 0):
 garbage-first heap   total 190464K, used 149760K [0x0000000080000000, 0x0000000100000000)
  region size 1024K, 2 young (2048K), 2 survivors (2048K)
 Metaspace       used 114177K, capacity 117273K, committed 119032K, reserved 1150976K
  class space    used 14783K, capacity 15954K, committed 16664K, reserved 1048576K
}
Event: 40.029 GC heap before
{Heap before GC invocations=43 (full 0):
 garbage-first heap   total 190464K, used 156928K [0x0000000080000000, 0x0000000100000000)
  region size 1024K, 9 young (9216K), 2 survivors (2048K)
 Metaspace       used 114222K, capacity 117368K, committed 119032K, reserved 1150976K
  class space    used 14789K, capacity 15961K, committed 16664K, reserved 1048576K
}
Event: 40.039 GC heap after
{Heap after GC invocations=44 (full 0):
 garbage-first heap   total 190464K, used 145481K [0x0000000080000000, 0x0000000100000000)
  region size 1024K, 2 young (2048K), 2 survivors (2048K)
 Metaspace       used 114222K, capacity 117368K, committed 119032K, reserved 1150976K
  class space    used 14789K, capacity 15961K, committed 16664K, reserved 1048576K
}
Event: 40.058 GC heap before
{Heap before GC invocations=44 (full 0):
 garbage-first heap   total 190464K, used 158793K [0x0000000080000000, 0x0000000100000000)
  region size 1024K, 15 young (15360K), 2 survivors (2048K)
 Metaspace       used 114222K, capacity 117368K, committed 119032K, reserved 1150976K
  class space    used 14789K, capacity 15961K, committed 16664K, reserved 1048576K
}
Event: 40.064 GC heap after
{Heap after GC invocations=45 (full 0):
 garbage-first heap   total 190464K, used 148480K [0x0000000080000000, 0x0000000100000000)
  region size 1024K, 2 young (2048K), 2 survivors (2048K)
 Metaspace       used 114222K, capacity 117368K, committed 119032K, reserved 1150976K
  class space    used 14789K, capacity 15961K, committed 16664K, reserved 1048576K
}
Event: 40.179 GC heap before
{Heap before GC invocations=45 (full 0):
 garbage-first heap   total 190464K, used 166912K [0x0000000080000000, 0x0000000100000000)
  region size 1024K, 15 young (15360K), 2 survivors (2048K)
 Metaspace       used 114301K, capacity 117394K, committed 119032K, reserved 1150976K
  class space    used 14789K, capacity 15961K, committed 16664K, reserved 1048576K
}

